androidApp/build/intermediates/manifest_merge_blame_file/debug/manifest-merger-blame-debug-report.txt
1<?xml version="1.0" encoding="utf-8"?>
2<manifest xmlns:android="http://schemas.android.com/apk/res/android"
3    package="comm.kmm.login.android"
4    android:versionCode="1"
5    android:versionName="1.0" >
6
7    <uses-sdk
8        android:minSdkVersion="26"
8-->src/main/AndroidManifest.xml
9        android:targetSdkVersion="32" />
9-->src/main/AndroidManifest.xml
10
11    <uses-permission android:name="android.permission.INTERNET" />
11-->[com.google.firebase:firebase-auth:21.0.3] AndroidManifest.xml:23:5-67
11-->[com.google.firebase:firebase-auth:21.0.3] AndroidManifest.xml:23:22-64
12    <uses-permission android:name="android.permission.ACCESS_NETWORK_STATE" />
12-->[com.google.firebase:firebase-auth:21.0.3] AndroidManifest.xml:24:5-79
12-->[com.google.firebase:firebase-auth:21.0.3] AndroidManifest.xml:24:22-76
13
14    <application
14-->src/main/AndroidManifest.xml:4:5-16:19
15        android:allowBackup="false"
15-->src/main/AndroidManifest.xml:5:9-36
16        android:appComponentFactory="androidx.core.app.CoreComponentFactory"
16-->[androidx.core:core:1.8.0] AndroidManifest.xml:24:18-86
17        android:debuggable="true"
18        android:extractNativeLibs="false"
19        android:supportsRtl="true"
19-->src/main/AndroidManifest.xml:6:9-35
20        android:theme="@style/AppTheme" >
20-->src/main/AndroidManifest.xml:7:9-40
21        <activity
21-->src/main/AndroidManifest.xml:8:9-15:20
22            android:name="comm.kmm.login.android.MainActivity"
22-->src/main/AndroidManifest.xml:9:13-41
23            android:exported="true" >
23-->src/main/AndroidManifest.xml:10:13-36
24            <intent-filter>
24-->src/main/AndroidManifest.xml:11:13-14:29
25                <action android:name="android.intent.action.MAIN" />
25-->src/main/AndroidManifest.xml:12:17-69
25-->src/main/AndroidManifest.xml:12:25-66
26
27                <category android:name="android.intent.category.LAUNCHER" />
27-->src/main/AndroidManifest.xml:13:17-77
27-->src/main/AndroidManifest.xml:13:27-74
28            </intent-filter>
29        </activity>
30        <activity
30-->[androidx.compose.ui:ui-tooling:1.2.1] AndroidManifest.xml:24:9-26:39
31            android:name="androidx.compose.ui.tooling.PreviewActivity"
31-->[androidx.compose.ui:ui-tooling:1.2.1] AndroidManifest.xml:25:13-71
32            android:exported="true" />
32-->[androidx.compose.ui:ui-tooling:1.2.1] AndroidManifest.xml:26:13-36
33        <activity
33-->[com.google.firebase:firebase-auth:21.0.3] AndroidManifest.xml:27:9-44:20
34            android:name="com.google.firebase.auth.internal.GenericIdpActivity"
34-->[com.google.firebase:firebase-auth:21.0.3] AndroidManifest.xml:28:13-80
35            android:excludeFromRecents="true"
35-->[com.google.firebase:firebase-auth:21.0.3] AndroidManifest.xml:29:13-46
36            android:exported="true"
36-->[com.google.firebase:firebase-auth:21.0.3] AndroidManifest.xml:30:13-36
37            android:launchMode="singleTask"
37-->[com.google.firebase:firebase-auth:21.0.3] AndroidManifest.xml:31:13-44
38            android:theme="@android:style/Theme.Translucent.NoTitleBar" >
38-->[com.google.firebase:firebase-auth:21.0.3] AndroidManifest.xml:32:13-72
39            <intent-filter>
39-->[com.google.firebase:firebase-auth:21.0.3] AndroidManifest.xml:33:13-43:29
40                <action android:name="android.intent.action.VIEW" />
40-->[com.google.firebase:firebase-auth:21.0.3] AndroidManifest.xml:34:17-69
40-->[com.google.firebase:firebase-auth:21.0.3] AndroidManifest.xml:34:25-66
41
42                <category android:name="android.intent.category.DEFAULT" />
42-->[com.google.firebase:firebase-auth:21.0.3] AndroidManifest.xml:36:17-76
42-->[com.google.firebase:firebase-auth:21.0.3] AndroidManifest.xml:36:27-73
43                <category android:name="android.intent.category.BROWSABLE" />
43-->[com.google.firebase:firebase-auth:21.0.3] AndroidManifest.xml:37:17-78
43-->[com.google.firebase:firebase-auth:21.0.3] AndroidManifest.xml:37:27-75
44
45                <data
45-->[com.google.firebase:firebase-auth:21.0.3] AndroidManifest.xml:39:17-42:51
46                    android:host="firebase.auth"
46-->[com.google.firebase:firebase-auth:21.0.3] AndroidManifest.xml:40:21-49
47                    android:path="/"
47-->[com.google.firebase:firebase-auth:21.0.3] AndroidManifest.xml:41:21-37
48                    android:scheme="genericidp" />
48-->[com.google.firebase:firebase-auth:21.0.3] AndroidManifest.xml:42:21-48
49            </intent-filter>
50        </activity>
51        <activity
51-->[com.google.firebase:firebase-auth:21.0.3] AndroidManifest.xml:45:9-62:20
52            android:name="com.google.firebase.auth.internal.RecaptchaActivity"
52-->[com.google.firebase:firebase-auth:21.0.3] AndroidManifest.xml:46:13-79
53            android:excludeFromRecents="true"
53-->[com.google.firebase:firebase-auth:21.0.3] AndroidManifest.xml:47:13-46
54            android:exported="true"
54-->[com.google.firebase:firebase-auth:21.0.3] AndroidManifest.xml:48:13-36
55            android:launchMode="singleTask"
55-->[com.google.firebase:firebase-auth:21.0.3] AndroidManifest.xml:49:13-44
56            android:theme="@android:style/Theme.Translucent.NoTitleBar" >
56-->[com.google.firebase:firebase-auth:21.0.3] AndroidManifest.xml:50:13-72
57            <intent-filter>
57-->[com.google.firebase:firebase-auth:21.0.3] AndroidManifest.xml:51:13-61:29
58                <action android:name="android.intent.action.VIEW" />
58-->[com.google.firebase:firebase-auth:21.0.3] AndroidManifest.xml:34:17-69
58-->[com.google.firebase:firebase-auth:21.0.3] AndroidManifest.xml:34:25-66
59
60                <category android:name="android.intent.category.DEFAULT" />
60-->[com.google.firebase:firebase-auth:21.0.3] AndroidManifest.xml:36:17-76
60-->[com.google.firebase:firebase-auth:21.0.3] AndroidManifest.xml:36:27-73
61                <category android:name="android.intent.category.BROWSABLE" />
61-->[com.google.firebase:firebase-auth:21.0.3] AndroidManifest.xml:37:17-78
61-->[com.google.firebase:firebase-auth:21.0.3] AndroidManifest.xml:37:27-75
62
63                <data
63-->[com.google.firebase:firebase-auth:21.0.3] AndroidManifest.xml:39:17-42:51
64                    android:host="firebase.auth"
64-->[com.google.firebase:firebase-auth:21.0.3] AndroidManifest.xml:40:21-49
65                    android:path="/"
65-->[com.google.firebase:firebase-auth:21.0.3] AndroidManifest.xml:41:21-37
66                    android:scheme="recaptcha" />
66-->[com.google.firebase:firebase-auth:21.0.3] AndroidManifest.xml:42:21-48
67            </intent-filter>
68        </activity>
69
70        <service
70-->[com.google.firebase:firebase-auth:21.0.3] AndroidManifest.xml:64:9-70:19
71            android:name="com.google.firebase.components.ComponentDiscoveryService"
71-->[com.google.firebase:firebase-auth:21.0.3] AndroidManifest.xml:65:13-84
72            android:directBootAware="true"
72-->[com.google.firebase:firebase-common:20.1.0] AndroidManifest.xml:35:13-43
73            android:exported="false" >
73-->[com.google.firebase:firebase-auth:21.0.3] AndroidManifest.xml:66:13-37
74            <meta-data
74-->[com.google.firebase:firebase-auth:21.0.3] AndroidManifest.xml:67:13-69:85
75                android:name="com.google.firebase.components:com.google.firebase.auth.FirebaseAuthRegistrar"
75-->[com.google.firebase:firebase-auth:21.0.3] AndroidManifest.xml:68:17-109
76                android:value="com.google.firebase.components.ComponentRegistrar" />
76-->[com.google.firebase:firebase-auth:21.0.3] AndroidManifest.xml:69:17-82
77        </service>
78
79        <provider
79-->[com.google.firebase:firebase-common:20.1.0] AndroidManifest.xml:26:9-31:39
80            android:name="com.google.firebase.provider.FirebaseInitProvider"
80-->[com.google.firebase:firebase-common:20.1.0] AndroidManifest.xml:27:13-77
81            android:authorities="comm.kmm.login.android.firebaseinitprovider"
81-->[com.google.firebase:firebase-common:20.1.0] AndroidManifest.xml:28:13-72
82            android:directBootAware="true"
82-->[com.google.firebase:firebase-common:20.1.0] AndroidManifest.xml:29:13-43
83            android:exported="false"
83-->[com.google.firebase:firebase-common:20.1.0] AndroidManifest.xml:30:13-37
84            android:initOrder="100" />
84-->[com.google.firebase:firebase-common:20.1.0] AndroidManifest.xml:31:13-36
85
86        <activity
86-->[com.google.android.gms:play-services-base:17.1.0] AndroidManifest.xml:23:9-26:75
87            android:name="com.google.android.gms.common.api.GoogleApiActivity"
87-->[com.google.android.gms:play-services-base:17.1.0] AndroidManifest.xml:24:13-79
88            android:exported="false"
88-->[com.google.android.gms:play-services-base:17.1.0] AndroidManifest.xml:25:13-37
89            android:theme="@android:style/Theme.Translucent.NoTitleBar" />
89-->[com.google.android.gms:play-services-base:17.1.0] AndroidManifest.xml:26:13-72
90
91        <meta-data
91-->[com.google.android.gms:play-services-basement:18.0.0] AndroidManifest.xml:21:9-23:69
92            android:name="com.google.android.gms.version"
92-->[com.google.android.gms:play-services-basement:18.0.0] AndroidManifest.xml:22:13-58
93            android:value="@integer/google_play_services_version" />
93-->[com.google.android.gms:play-services-basement:18.0.0] AndroidManifest.xml:23:13-66
94
95        <provider
95-->[androidx.profileinstaller:profileinstaller:1.2.0] AndroidManifest.xml:25:9-33:20
96            android:name="androidx.startup.InitializationProvider"
96-->[androidx.profileinstaller:profileinstaller:1.2.0] AndroidManifest.xml:26:13-67
97            android:authorities="comm.kmm.login.android.androidx-startup"
97-->[androidx.profileinstaller:profileinstaller:1.2.0] AndroidManifest.xml:27:13-68
98            android:exported="false" >
98-->[androidx.profileinstaller:profileinstaller:1.2.0] AndroidManifest.xml:28:13-37
99            <meta-data
99-->[androidx.profileinstaller:profileinstaller:1.2.0] AndroidManifest.xml:30:13-32:52
100                android:name="androidx.profileinstaller.ProfileInstallerInitializer"
100-->[androidx.profileinstaller:profileinstaller:1.2.0] AndroidManifest.xml:31:17-85
101                android:value="androidx.startup" />
101-->[androidx.profileinstaller:profileinstaller:1.2.0] AndroidManifest.xml:32:17-49
102        </provider>
103
104        <receiver
104-->[androidx.profileinstaller:profileinstaller:1.2.0] AndroidManifest.xml:35:9-47:20
105            android:name="androidx.profileinstaller.ProfileInstallReceiver"
105-->[androidx.profileinstaller:profileinstaller:1.2.0] AndroidManifest.xml:36:13-76
106            android:directBootAware="false"
106-->[androidx.profileinstaller:profileinstaller:1.2.0] AndroidManifest.xml:37:13-44
107            android:enabled="true"
107-->[androidx.profileinstaller:profileinstaller:1.2.0] AndroidManifest.xml:38:13-35
108            android:exported="true"
108-->[androidx.profileinstaller:profileinstaller:1.2.0] AndroidManifest.xml:39:13-36
109            android:permission="android.permission.DUMP" >
109-->[androidx.profileinstaller:profileinstaller:1.2.0] AndroidManifest.xml:40:13-57
110            <intent-filter>
110-->[androidx.profileinstaller:profileinstaller:1.2.0] AndroidManifest.xml:41:13-43:29
111                <action android:name="androidx.profileinstaller.action.INSTALL_PROFILE" />
111-->[androidx.profileinstaller:profileinstaller:1.2.0] AndroidManifest.xml:42:17-91
111-->[androidx.profileinstaller:profileinstaller:1.2.0] AndroidManifest.xml:42:25-88
112            </intent-filter>
113            <intent-filter>
113-->[androidx.profileinstaller:profileinstaller:1.2.0] AndroidManifest.xml:44:13-46:29
114                <action android:name="androidx.profileinstaller.action.SKIP_FILE" />
114-->[androidx.profileinstaller:profileinstaller:1.2.0] AndroidManifest.xml:45:17-85
114-->[androidx.profileinstaller:profileinstaller:1.2.0] AndroidManifest.xml:45:25-82
115            </intent-filter>
116        </receiver>
117    </application>
118
119</manifest>